2015-05-31T16:22:50+07:00 DEBUG (7): 
2015-05-31T16:25:43+07:00 DEBUG (7): 
2015-05-31T16:25:44+07:00 DEBUG (7): 
2015-05-31T16:25:45+07:00 DEBUG (7): 
2015-05-31T16:27:48+07:00 DEBUG (7): Array
(
    [module] => account
    [controller] => user-resource
    [action] => index
    [format] => json
    [role] => Array
        (
            [parent_id] => 1
            [role_type] => U
            [user_id] => 2
            [rolename] => user
            [createby] => 1
            [id] => 4
        )

    [username] => leomasta
    [password] => admin
    [id_role] => 3
)

2015-05-31T16:28:17+07:00 DEBUG (7): Array
(
    [module] => account
    [controller] => user-resource
    [action] => index
    [format] => json
    [role] => Array
        (
            [parent_id] => 1
            [role_type] => U
            [user_id] => 2
            [rolename] => user
            [createby] => 1
            [id] => 4
        )

    [username] => leomasta
    [password] => admin
    [id_role] => 3
)

2015-05-31T16:28:17+07:00 DEBUG (7): Array
(
    [module] => account
    [controller] => user-resource
    [action] => index
    [format] => json
    [role] => Array
        (
            [parent_id] => 1
            [role_type] => U
            [user_id] => 2
            [rolename] => user
            [createby] => 1
            [id] => 4
        )

    [username] => leomasta
    [password] => admin
    [id_role] => 3
)

2015-05-31T16:28:24+07:00 DEBUG (7): Array
(
    [module] => account
    [controller] => user-resource
    [action] => index
    [format] => json
    [role] => Array
        (
            [parent_id] => 1
            [role_type] => U
            [user_id] => 2
            [rolename] => user
            [createby] => 1
            [id] => 4
        )

    [username] => leomasta
    [password] => admin
    [id_role] => 123s
)

2015-05-31T16:28:57+07:00 DEBUG (7): Array
(
    [module] => account
    [controller] => user-resource
    [action] => index
    [format] => json
    [role] => Array
        (
            [parent_id] => 1
            [role_type] => U
            [user_id] => 2
            [rolename] => user
            [createby] => 1
            [id] => 4
        )

    [username] => leomasta
    [password] => admin
    [id_role] => leo
)

2015-05-31T16:28:58+07:00 DEBUG (7): Array
(
    [module] => account
    [controller] => user-resource
    [action] => index
    [format] => json
    [role] => Array
        (
            [parent_id] => 1
            [role_type] => U
            [user_id] => 2
            [rolename] => user
            [createby] => 1
            [id] => 4
        )

    [username] => leomasta
    [password] => admin
    [id_role] => leo
)

2015-05-31T16:28:58+07:00 DEBUG (7): Array
(
    [module] => account
    [controller] => user-resource
    [action] => index
    [format] => json
    [role] => Array
        (
            [parent_id] => 1
            [role_type] => U
            [user_id] => 2
            [rolename] => user
            [createby] => 1
            [id] => 4
        )

    [username] => leomasta
    [password] => admin
    [id_role] => leo
)

2015-05-31T16:29:28+07:00 DEBUG (7): Array
(
    [module] => account
    [controller] => user-resource
    [action] => index
    [format] => json
    [role] => Array
        (
            [parent_id] => 1
            [role_type] => U
            [user_id] => 2
            [rolename] => user
            [createby] => 1
            [id] => 4
        )

    [username] => leomasta
    [password] => admin
    [id_role] => leo
)

2015-05-31T16:30:09+07:00 DEBUG (7): Array
(
    [module] => account
    [controller] => user-resource
    [action] => index
    [format] => json
    [role] => Array
        (
            [parent_id] => 1
            [role_type] => U
            [user_id] => 2
            [rolename] => user
            [createby] => 1
            [id] => 4
        )

    [username] => leomasta
    [password] => admin
    [id_role] => a3
)

2015-05-31T17:15:16+07:00 DEBUG (7): Array
(
    [module] => account
    [controller] => user-resource
    [action] => index
    [format] => json
    [role] => Array
        (
            [parent_id] => 1
            [role_type] => U
            [user_id] => 2
            [rolename] => user
            [createby] => 1
            [id] => 4
        )

    [username] => leomasta
    [password] => admin
    [id_role] => 1a
    [securityToken] => 2a84bcca3d72c4d67e6626b7379238800f214a09
)

2015-05-31T17:15:27+07:00 DEBUG (7): Array
(
    [module] => account
    [controller] => user-resource
    [action] => index
    [format] => json
    [role] => Array
        (
            [parent_id] => 1
            [role_type] => U
            [user_id] => 2
            [rolename] => user
            [createby] => 1
            [id] => 4
        )

    [username] => leomasta
    [password] => admin
    [id_role] => 1a
    [securityToken] => 2a84bcca3d72c4d67e6626b7379238800f214a09
)

2015-05-31T17:15:27+07:00 DEBUG (7): Array
(
    [module] => account
    [controller] => user-resource
    [action] => index
    [format] => json
    [role] => Array
        (
            [parent_id] => 1
            [role_type] => U
            [user_id] => 2
            [rolename] => user
            [createby] => 1
            [id] => 4
        )

    [username] => leomasta
    [password] => admin
    [id_role] => 1a
    [securityToken] => 2a84bcca3d72c4d67e6626b7379238800f214a09
)

2015-05-31T17:15:27+07:00 DEBUG (7): Array
(
    [module] => account
    [controller] => user-resource
    [action] => index
    [format] => json
    [role] => Array
        (
            [parent_id] => 1
            [role_type] => U
            [user_id] => 2
            [rolename] => user
            [createby] => 1
            [id] => 4
        )

    [username] => leomasta
    [password] => admin
    [id_role] => 1a
    [securityToken] => 2a84bcca3d72c4d67e6626b7379238800f214a09
)

2015-05-31T17:23:47+07:00 DEBUG (7): Array
(
    [module] => account
    [controller] => user-resource
    [action] => index
    [format] => json
    [role] => Array
        (
            [parent_id] => 1
            [role_type] => U
            [user_id] => 2
            [rolename] => user
            [createby] => 1
            [id] => 4
        )

    [username] => leomasta
    [password] => admin
    [id_role] => 1a
    [securityToken] => 2a84bcca3d72c4d67e6626b7379238800f214a09
)

2015-05-31T17:23:55+07:00 DEBUG (7): Array
(
    [module] => account
    [controller] => user-resource
    [action] => index
    [format] => json
    [role] => Array
        (
            [parent_id] => 1
            [role_type] => U
            [user_id] => 2
            [rolename] => user
            [createby] => 1
            [id] => 4
        )

    [username] => leomasta
    [password] => admin
    [id_role] => 1a
    [securityToken] => 2a84bcca3d72c4d67e6626b7379238800f214a09
)

2015-05-31T17:23:55+07:00 DEBUG (7): Array
(
    [module] => account
    [controller] => user-resource
    [action] => index
    [format] => json
    [role] => Array
        (
            [parent_id] => 1
            [role_type] => U
            [user_id] => 2
            [rolename] => user
            [createby] => 1
            [id] => 4
        )

    [username] => leomasta
    [password] => admin
    [id_role] => 1a
    [securityToken] => 2a84bcca3d72c4d67e6626b7379238800f214a09
)

2015-05-31T17:23:56+07:00 DEBUG (7): Array
(
    [module] => account
    [controller] => user-resource
    [action] => index
    [format] => json
    [role] => Array
        (
            [parent_id] => 1
            [role_type] => U
            [user_id] => 2
            [rolename] => user
            [createby] => 1
            [id] => 4
        )

    [username] => leomasta
    [password] => admin
    [id_role] => 1a
    [securityToken] => 2a84bcca3d72c4d67e6626b7379238800f214a09
)

2015-05-31T17:23:56+07:00 DEBUG (7): Array
(
    [module] => account
    [controller] => user-resource
    [action] => index
    [format] => json
    [role] => Array
        (
            [parent_id] => 1
            [role_type] => U
            [user_id] => 2
            [rolename] => user
            [createby] => 1
            [id] => 4
        )

    [username] => leomasta
    [password] => admin
    [id_role] => 1a
    [securityToken] => 2a84bcca3d72c4d67e6626b7379238800f214a09
)

2015-05-31T17:23:56+07:00 DEBUG (7): Array
(
    [module] => account
    [controller] => user-resource
    [action] => index
    [format] => json
    [role] => Array
        (
            [parent_id] => 1
            [role_type] => U
            [user_id] => 2
            [rolename] => user
            [createby] => 1
            [id] => 4
        )

    [username] => leomasta
    [password] => admin
    [id_role] => 1a
    [securityToken] => 2a84bcca3d72c4d67e6626b7379238800f214a09
)

2015-05-31T17:23:56+07:00 DEBUG (7): Array
(
    [module] => account
    [controller] => user-resource
    [action] => index
    [format] => json
    [role] => Array
        (
            [parent_id] => 1
            [role_type] => U
            [user_id] => 2
            [rolename] => user
            [createby] => 1
            [id] => 4
        )

    [username] => leomasta
    [password] => admin
    [id_role] => 1a
    [securityToken] => 2a84bcca3d72c4d67e6626b7379238800f214a09
)

2015-05-31T17:23:56+07:00 DEBUG (7): Array
(
    [module] => account
    [controller] => user-resource
    [action] => index
    [format] => json
    [role] => Array
        (
            [parent_id] => 1
            [role_type] => U
            [user_id] => 2
            [rolename] => user
            [createby] => 1
            [id] => 4
        )

    [username] => leomasta
    [password] => admin
    [id_role] => 1a
    [securityToken] => 2a84bcca3d72c4d67e6626b7379238800f214a09
)

2015-05-31T17:23:56+07:00 DEBUG (7): Array
(
    [module] => account
    [controller] => user-resource
    [action] => index
    [format] => json
    [role] => Array
        (
            [parent_id] => 1
            [role_type] => U
            [user_id] => 2
            [rolename] => user
            [createby] => 1
            [id] => 4
        )

    [username] => leomasta
    [password] => admin
    [id_role] => 1a
    [securityToken] => 2a84bcca3d72c4d67e6626b7379238800f214a09
)

2015-05-31T17:23:57+07:00 DEBUG (7): Array
(
    [module] => account
    [controller] => user-resource
    [action] => index
    [format] => json
    [role] => Array
        (
            [parent_id] => 1
            [role_type] => U
            [user_id] => 2
            [rolename] => user
            [createby] => 1
            [id] => 4
        )

    [username] => leomasta
    [password] => admin
    [id_role] => 1a
    [securityToken] => 2a84bcca3d72c4d67e6626b7379238800f214a09
)

2015-05-31T17:23:57+07:00 DEBUG (7): Array
(
    [module] => account
    [controller] => user-resource
    [action] => index
    [format] => json
    [role] => Array
        (
            [parent_id] => 1
            [role_type] => U
            [user_id] => 2
            [rolename] => user
            [createby] => 1
            [id] => 4
        )

    [username] => leomasta
    [password] => admin
    [id_role] => 1a
    [securityToken] => 2a84bcca3d72c4d67e6626b7379238800f214a09
)

2015-05-31T17:23:57+07:00 DEBUG (7): Array
(
    [module] => account
    [controller] => user-resource
    [action] => index
    [format] => json
    [role] => Array
        (
            [parent_id] => 1
            [role_type] => U
            [user_id] => 2
            [rolename] => user
            [createby] => 1
            [id] => 4
        )

    [username] => leomasta
    [password] => admin
    [id_role] => 1a
    [securityToken] => 2a84bcca3d72c4d67e6626b7379238800f214a09
)

2015-05-31T17:23:57+07:00 DEBUG (7): Array
(
    [module] => account
    [controller] => user-resource
    [action] => index
    [format] => json
    [role] => Array
        (
            [parent_id] => 1
            [role_type] => U
            [user_id] => 2
            [rolename] => user
            [createby] => 1
            [id] => 4
        )

    [username] => leomasta
    [password] => admin
    [id_role] => 1a
    [securityToken] => 2a84bcca3d72c4d67e6626b7379238800f214a09
)

2015-05-31T17:26:22+07:00 DEBUG (7): Array
(
    [module] => account
    [controller] => user-resource
    [action] => index
    [format] => json
    [role] => Array
        (
            [parent_id] => 1
            [role_type] => U
            [user_id] => 2
            [rolename] => user
            [createby] => 1
            [id] => 4
        )

    [username] => leomasta
    [password] => admin
    [id_role] => 1a
    [securityToken] => 2a84bcca3d72c4d67e6626b7379238800f214a09
)

2015-05-31T17:27:00+07:00 DEBUG (7): Array
(
    [module] => account
    [controller] => user-resource
    [action] => index
    [format] => json
    [role] => Array
        (
            [parent_id] => 1
            [role_type] => U
            [user_id] => 2
            [rolename] => user
            [createby] => 1
            [id] => 4
        )

    [username] => leomasta
    [password] => admin
    [id_role] => 1a
    [securityToken] => 2a84bcca3d72c4d67e6626b7379238800f214a09
)

2015-05-31T17:27:38+07:00 DEBUG (7): Array
(
    [module] => account
    [controller] => user-resource
    [action] => index
    [format] => json
    [role] => Array
        (
            [parent_id] => 1
            [role_type] => U
            [user_id] => 2
            [rolename] => user
            [createby] => 1
            [id] => 4
        )

    [username] => leomasta
    [password] => admin
    [securityToken] => 2a84bcca3d72c4d67e6626b7379238800f214a09
)

2015-05-31T17:31:12+07:00 DEBUG (7): Array
(
    [module] => account
    [controller] => user-resource
    [action] => index
    [format] => json
    [role] => Array
        (
            [parent_id] => 1
            [role_type] => U
            [user_id] => 2
            [rolename] => user
            [createby] => 1
            [id] => 4
        )

    [username] => rizamasta
    [password] => admin
    [securityToken] => d3fbccd711467647a1af3d205bf17c7bc8612b72
)

