2015-05-29T17:26:19+07:00 DEBUG (7): Array
(
    [username] => admin
    [password] => admin
)

2015-05-29T17:27:57+07:00 DEBUG (7): Array
(
    [username] => admin
    [password] => admin
)

2015-05-29T17:28:45+07:00 DEBUG (7): Array
(
    [username] => admin
    [password] => admin
    [Msg] => Succes Update !!
)

2015-05-29T17:34:47+07:00 DEBUG (7): Array
(
    [username] => admin
    [password] => admin
    [Msg] => Succes Update !!
)

2015-05-31T12:53:58+00:00 DEBUG (7): Array
(
    [username] => leomasta
    [realname] => Leo Masta Kusuma
    [password] => leo
    [Msg] => Succes Update !!
)

2015-05-31T12:56:09+00:00 DEBUG (7): Array
(
    [username] => leomasta
    [realname] => Leo Masta Kusuma
    [password] => 123
    [Msg] => Succes Update !!
)

2015-05-31T17:45:34+00:00 DEBUG (7): Array
(
    [username] => leomasta
    [realname] => Leo Masta Kusuma
    [password] => admin
    [Msg] => Succes Update !!
)

