2015-05-31T16:14:32+07:00 DEBUG (7): 
2015-05-31T16:17:29+07:00 DEBUG (7): Array
(
    [id] => 1
    [parent_id] => 0
    [role_type] => G
    [user_id] => 0
    [rolename] => Admin
    [createby] => 1
    [create_at] => 2015-05-31 14:44:00
    [modified_at] => 2015-05-31 14:46:14
)

2015-05-31T16:17:51+07:00 DEBUG (7): Array
(
    [0] => Array
        (
            [text] => Home
            [sref] => memo.dashboard
            [icon] => icon-speedometer
        )

    [1] => Array
        (
            [text] => PIC JRF
            [sref] => #
            [icon] => icon-docs
            [submenu] => Array
                (
                    [0] => Array
                        (
                            [text] => JRF Penjualan Unit
                            [sref] => memo.jrfUnit
                            [icon] => fa-shopping-cart
                        )

                    [1] => Array
                        (
                            [text] => JRF Bengkel
                            [sref] => memo.jrfBengkel
                            [icon] => icon-wrench
                        )

                )

        )

)

2015-05-31T16:18:31+07:00 DEBUG (7): Array
(
    [0] => Array
        (
            [text] => Home
            [sref] => memo.dashboard
            [icon] => icon-speedometer
        )

    [1] => Array
        (
            [text] => PIC JRF
            [sref] => #
            [icon] => icon-docs
            [submenu] => Array
                (
                    [0] => Array
                        (
                            [text] => JRF Penjualan Unit
                            [sref] => memo.jrfUnit
                            [icon] => fa-shopping-cart
                        )

                    [1] => Array
                        (
                            [text] => JRF Bengkel
                            [sref] => memo.jrfBengkel
                            [icon] => icon-wrench
                        )

                )

        )

    [params] => Array
        (
            [id] => 1
            [parent_id] => 0
            [role_type] => G
            [user_id] => 0
            [rolename] => Admin
            [createby] => 1
            [create_at] => 2015-05-31 14:44:00
            [modified_at] => 2015-05-31 14:46:14
        )

)

2015-05-31T16:18:54+07:00 DEBUG (7): Array
(
    [0] => Array
        (
            [text] => Home
            [sref] => memo.dashboard
            [icon] => icon-speedometer
        )

    [1] => Array
        (
            [text] => PIC JRF
            [sref] => #
            [icon] => icon-docs
            [submenu] => Array
                (
                    [0] => Array
                        (
                            [text] => JRF Penjualan Unit
                            [sref] => memo.jrfUnit
                            [icon] => fa-shopping-cart
                        )

                    [1] => Array
                        (
                            [text] => JRF Bengkel
                            [sref] => memo.jrfBengkel
                            [icon] => icon-wrench
                        )

                )

        )

)

2015-05-31T16:19:13+07:00 DEBUG (7): Array
(
    [0] => Array
        (
            [text] => Home
            [sref] => memo.dashboard
            [icon] => icon-speedometer
        )

    [1] => Array
        (
            [text] => PIC JRF
            [sref] => #
            [icon] => icon-docs
            [submenu] => Array
                (
                    [0] => Array
                        (
                            [text] => JRF Penjualan Unit
                            [sref] => memo.jrfUnit
                            [icon] => fa-shopping-cart
                        )

                    [1] => Array
                        (
                            [text] => JRF Bengkel
                            [sref] => memo.jrfBengkel
                            [icon] => icon-wrench
                        )

                )

        )

)

2015-05-31T16:19:34+07:00 DEBUG (7): Array
(
    [0] => Array
        (
            [text] => Home
            [sref] => memo.dashboard
            [icon] => icon-speedometer
        )

    [1] => Array
        (
            [text] => PIC JRF
            [sref] => #
            [icon] => icon-docs
            [submenu] => Array
                (
                    [0] => Array
                        (
                            [text] => JRF Penjualan Unit
                            [sref] => memo.jrfUnit
                            [icon] => fa-shopping-cart
                        )

                    [1] => Array
                        (
                            [text] => JRF Bengkel
                            [sref] => memo.jrfBengkel
                            [icon] => icon-wrench
                        )

                )

        )

)

2015-05-31T16:20:23+07:00 DEBUG (7): Array
(
    [0] => Array
        (
            [text] => Home
            [sref] => memo.dashboard
            [icon] => icon-speedometer
        )

    [1] => Array
        (
            [text] => PIC JRF
            [sref] => #
            [icon] => icon-docs
            [submenu] => Array
                (
                    [0] => Array
                        (
                            [text] => JRF Penjualan Unit
                            [sref] => memo.jrfUnit
                            [icon] => fa-shopping-cart
                        )

                    [1] => Array
                        (
                            [text] => JRF Bengkel
                            [sref] => memo.jrfBengkel
                            [icon] => icon-wrench
                        )

                )

        )

)

2015-05-31T16:20:53+07:00 DEBUG (7): Array
(
    [0] => Array
        (
            [text] => Home
            [sref] => memo.dashboard
            [icon] => icon-speedometer
        )

    [1] => Array
        (
            [text] => PIC JRF
            [sref] => #
            [icon] => icon-docs
            [submenu] => Array
                (
                    [0] => Array
                        (
                            [text] => JRF Penjualan Unit
                            [sref] => memo.jrfUnit
                            [icon] => fa-shopping-cart
                        )

                    [1] => Array
                        (
                            [text] => JRF Bengkel
                            [sref] => memo.jrfBengkel
                            [icon] => icon-wrench
                        )

                )

        )

)

2015-05-31T16:21:01+07:00 DEBUG (7): Array
(
    [0] => Array
        (
            [text] => Home
            [sref] => memo.dashboard
            [icon] => icon-speedometer
        )

    [1] => Array
        (
            [text] => PIC JRF
            [sref] => #
            [icon] => icon-docs
            [submenu] => Array
                (
                    [0] => Array
                        (
                            [text] => JRF Penjualan Unit
                            [sref] => memo.jrfUnit
                            [icon] => fa-shopping-cart
                        )

                    [1] => Array
                        (
                            [text] => JRF Bengkel
                            [sref] => memo.jrfBengkel
                            [icon] => icon-wrench
                        )

                )

        )

)

2015-05-31T16:21:13+07:00 DEBUG (7): Array
(
    [0] => Array
        (
            [text] => Home
            [sref] => memo.dashboard
            [icon] => icon-speedometer
        )

    [1] => Array
        (
            [text] => PIC JRF
            [sref] => #
            [icon] => icon-docs
            [submenu] => Array
                (
                    [0] => Array
                        (
                            [text] => JRF Penjualan Unit
                            [sref] => memo.jrfUnit
                            [icon] => fa-shopping-cart
                        )

                    [1] => Array
                        (
                            [text] => JRF Bengkel
                            [sref] => memo.jrfBengkel
                            [icon] => icon-wrench
                        )

                )

        )

)

2015-05-31T16:21:38+07:00 DEBUG (7): Array
(
    [0] => Array
        (
            [text] => Home
            [sref] => memo.dashboard
            [icon] => icon-speedometer
        )

    [1] => Array
        (
            [text] => PIC JRF
            [sref] => #
            [icon] => icon-docs
            [submenu] => Array
                (
                    [0] => Array
                        (
                            [text] => JRF Penjualan Unit
                            [sref] => memo.jrfUnit
                            [icon] => fa-shopping-cart
                        )

                    [1] => Array
                        (
                            [text] => JRF Bengkel
                            [sref] => memo.jrfBengkel
                            [icon] => icon-wrench
                        )

                )

        )

)

2015-05-31T16:21:45+07:00 DEBUG (7): Array
(
    [0] => Array
        (
            [id_resource] => 1
            [id_parent] => 0
            [text] => Home
            [sref] => memo.dashboard
            [icon] => icon-speedometer
        )

    [1] => Array
        (
            [id_resource] => 2
            [id_parent] => 0
            [text] => PIC JRF
            [sref] => #
            [icon] => icon-docs
        )

    [2] => Array
        (
            [id_resource] => 21
            [id_parent] => 2
            [text] => JRF Penjualan Unit
            [sref] => memo.jrfUnit
            [icon] => fa-shopping-cart
        )

    [3] => Array
        (
            [id_resource] => 22
            [id_parent] => 2
            [text] => JRF Bengkel
            [sref] => memo.jrfBengkel
            [icon] => icon-wrench
        )

)

2015-05-31T16:22:11+07:00 DEBUG (7): Array
(
    [0] => Array
        (
            [text] => Home
            [sref] => memo.dashboard
            [icon] => icon-speedometer
        )

    [1] => Array
        (
            [text] => PIC JRF
            [sref] => #
            [icon] => icon-docs
            [submenu] => Array
                (
                    [0] => Array
                        (
                            [text] => JRF Penjualan Unit
                            [sref] => memo.jrfUnit
                            [icon] => fa-shopping-cart
                        )

                    [1] => Array
                        (
                            [text] => JRF Bengkel
                            [sref] => memo.jrfBengkel
                            [icon] => icon-wrench
                        )

                )

        )

)

2015-05-31T16:22:32+07:00 DEBUG (7): Array
(
    [0] => Array
        (
            [text] => Home
            [sref] => memo.dashboard
            [icon] => icon-speedometer
        )

    [1] => Array
        (
            [text] => PIC JRF
            [sref] => #
            [icon] => icon-docs
            [submenu] => Array
                (
                    [0] => Array
                        (
                            [text] => JRF Penjualan Unit
                            [sref] => memo.jrfUnit
                            [icon] => fa-shopping-cart
                        )

                    [1] => Array
                        (
                            [text] => JRF Bengkel
                            [sref] => memo.jrfBengkel
                            [icon] => icon-wrench
                        )

                )

        )

)

2015-05-31T16:25:50+07:00 DEBUG (7): Array
(
    [0] => Array
        (
            [text] => Home
            [sref] => memo.dashboard
            [icon] => icon-speedometer
        )

    [1] => Array
        (
            [text] => PIC JRF
            [sref] => #
            [icon] => icon-docs
            [submenu] => Array
                (
                    [0] => Array
                        (
                            [text] => JRF Penjualan Unit
                            [sref] => memo.jrfUnit
                            [icon] => fa-shopping-cart
                        )

                    [1] => Array
                        (
                            [text] => JRF Bengkel
                            [sref] => memo.jrfBengkel
                            [icon] => icon-wrench
                        )

                )

        )

)

2015-05-31T16:27:02+07:00 DEBUG (7): Array
(
    [0] => Array
        (
            [text] => Home
            [sref] => memo.dashboard
            [icon] => icon-speedometer
        )

    [1] => Array
        (
            [text] => PIC JRF
            [sref] => #
            [icon] => icon-docs
            [submenu] => Array
                (
                    [0] => Array
                        (
                            [text] => JRF Penjualan Unit
                            [sref] => memo.jrfUnit
                            [icon] => fa-shopping-cart
                        )

                    [1] => Array
                        (
                            [text] => JRF Bengkel
                            [sref] => memo.jrfBengkel
                            [icon] => icon-wrench
                        )

                )

        )

)

2015-05-31T16:27:09+07:00 DEBUG (7): Array
(
    [0] => Array
        (
            [text] => Home
            [sref] => memo.dashboard
            [icon] => icon-speedometer
        )

    [1] => Array
        (
            [text] => PIC JRF
            [sref] => #
            [icon] => icon-docs
            [submenu] => Array
                (
                    [0] => Array
                        (
                            [text] => JRF Penjualan Unit
                            [sref] => memo.jrfUnit
                            [icon] => fa-shopping-cart
                        )

                    [1] => Array
                        (
                            [text] => JRF Bengkel
                            [sref] => memo.jrfBengkel
                            [icon] => icon-wrench
                        )

                )

        )

)

2015-05-31T16:27:17+07:00 DEBUG (7): Array
(
    [0] => Array
        (
            [text] => Home
            [sref] => memo.dashboard
            [icon] => icon-speedometer
        )

    [1] => Array
        (
            [text] => PIC JRF
            [sref] => #
            [icon] => icon-docs
            [submenu] => Array
                (
                    [0] => Array
                        (
                            [text] => JRF Penjualan Unit
                            [sref] => memo.jrfUnit
                            [icon] => fa-shopping-cart
                        )

                    [1] => Array
                        (
                            [text] => JRF Bengkel
                            [sref] => memo.jrfBengkel
                            [icon] => icon-wrench
                        )

                )

        )

)

2015-05-31T16:27:18+07:00 DEBUG (7): Array
(
    [0] => Array
        (
            [text] => Home
            [sref] => memo.dashboard
            [icon] => icon-speedometer
        )

    [1] => Array
        (
            [text] => PIC JRF
            [sref] => #
            [icon] => icon-docs
            [submenu] => Array
                (
                    [0] => Array
                        (
                            [text] => JRF Penjualan Unit
                            [sref] => memo.jrfUnit
                            [icon] => fa-shopping-cart
                        )

                    [1] => Array
                        (
                            [text] => JRF Bengkel
                            [sref] => memo.jrfBengkel
                            [icon] => icon-wrench
                        )

                )

        )

)

2015-05-31T16:27:19+07:00 DEBUG (7): Array
(
    [0] => Array
        (
            [text] => Home
            [sref] => memo.dashboard
            [icon] => icon-speedometer
        )

    [1] => Array
        (
            [text] => PIC JRF
            [sref] => #
            [icon] => icon-docs
            [submenu] => Array
                (
                    [0] => Array
                        (
                            [text] => JRF Penjualan Unit
                            [sref] => memo.jrfUnit
                            [icon] => fa-shopping-cart
                        )

                    [1] => Array
                        (
                            [text] => JRF Bengkel
                            [sref] => memo.jrfBengkel
                            [icon] => icon-wrench
                        )

                )

        )

)

2015-05-31T16:27:19+07:00 DEBUG (7): Array
(
    [0] => Array
        (
            [text] => Home
            [sref] => memo.dashboard
            [icon] => icon-speedometer
        )

    [1] => Array
        (
            [text] => PIC JRF
            [sref] => #
            [icon] => icon-docs
            [submenu] => Array
                (
                    [0] => Array
                        (
                            [text] => JRF Penjualan Unit
                            [sref] => memo.jrfUnit
                            [icon] => fa-shopping-cart
                        )

                    [1] => Array
                        (
                            [text] => JRF Bengkel
                            [sref] => memo.jrfBengkel
                            [icon] => icon-wrench
                        )

                )

        )

)

2015-05-31T16:28:31+07:00 DEBUG (7): Array
(
    [0] => Array
        (
            [text] => Home
            [sref] => memo.dashboard
            [icon] => icon-speedometer
        )

    [1] => Array
        (
            [text] => PIC JRF
            [sref] => #
            [icon] => icon-docs
            [submenu] => Array
                (
                    [0] => Array
                        (
                            [text] => JRF Penjualan Unit
                            [sref] => memo.jrfUnit
                            [icon] => fa-shopping-cart
                        )

                    [1] => Array
                        (
                            [text] => JRF Bengkel
                            [sref] => memo.jrfBengkel
                            [icon] => icon-wrench
                        )

                )

        )

)

2015-05-31T16:28:37+07:00 DEBUG (7): Array
(
    [0] => Array
        (
            [text] => Home
            [sref] => memo.dashboard
            [icon] => icon-speedometer
        )

    [1] => Array
        (
            [text] => PIC JRF
            [sref] => #
            [icon] => icon-docs
            [submenu] => Array
                (
                    [0] => Array
                        (
                            [text] => JRF Penjualan Unit
                            [sref] => memo.jrfUnit
                            [icon] => fa-shopping-cart
                        )

                    [1] => Array
                        (
                            [text] => JRF Bengkel
                            [sref] => memo.jrfBengkel
                            [icon] => icon-wrench
                        )

                )

        )

)

2015-05-31T16:28:38+07:00 DEBUG (7): Array
(
    [0] => Array
        (
            [text] => Home
            [sref] => memo.dashboard
            [icon] => icon-speedometer
        )

    [1] => Array
        (
            [text] => PIC JRF
            [sref] => #
            [icon] => icon-docs
            [submenu] => Array
                (
                    [0] => Array
                        (
                            [text] => JRF Penjualan Unit
                            [sref] => memo.jrfUnit
                            [icon] => fa-shopping-cart
                        )

                    [1] => Array
                        (
                            [text] => JRF Bengkel
                            [sref] => memo.jrfBengkel
                            [icon] => icon-wrench
                        )

                )

        )

)

2015-05-31T16:28:48+07:00 DEBUG (7): Array
(
    [0] => Array
        (
            [text] => Home
            [sref] => memo.dashboard
            [icon] => icon-speedometer
        )

    [1] => Array
        (
            [text] => PIC JRF
            [sref] => #
            [icon] => icon-docs
            [submenu] => Array
                (
                    [0] => Array
                        (
                            [text] => JRF Penjualan Unit
                            [sref] => memo.jrfUnit
                            [icon] => fa-shopping-cart
                        )

                    [1] => Array
                        (
                            [text] => JRF Bengkel
                            [sref] => memo.jrfBengkel
                            [icon] => icon-wrench
                        )

                )

        )

)

2015-05-31T16:29:35+07:00 DEBUG (7): Array
(
    [0] => Array
        (
            [text] => Home
            [sref] => memo.dashboard
            [icon] => icon-speedometer
        )

    [1] => Array
        (
            [text] => PIC JRF
            [sref] => #
            [icon] => icon-docs
            [submenu] => Array
                (
                    [0] => Array
                        (
                            [text] => JRF Penjualan Unit
                            [sref] => memo.jrfUnit
                            [icon] => fa-shopping-cart
                        )

                    [1] => Array
                        (
                            [text] => JRF Bengkel
                            [sref] => memo.jrfBengkel
                            [icon] => icon-wrench
                        )

                )

        )

)

2015-05-31T16:29:56+07:00 DEBUG (7): Array
(
    [0] => Array
        (
            [text] => Home
            [sref] => memo.dashboard
            [icon] => icon-speedometer
        )

    [1] => Array
        (
            [text] => PIC JRF
            [sref] => #
            [icon] => icon-docs
            [submenu] => Array
                (
                    [0] => Array
                        (
                            [text] => JRF Penjualan Unit
                            [sref] => memo.jrfUnit
                            [icon] => fa-shopping-cart
                        )

                    [1] => Array
                        (
                            [text] => JRF Bengkel
                            [sref] => memo.jrfBengkel
                            [icon] => icon-wrench
                        )

                )

        )

)

2015-05-31T16:30:17+07:00 DEBUG (7): Array
(
    [0] => Array
        (
            [text] => Home
            [sref] => memo.dashboard
            [icon] => icon-speedometer
        )

    [1] => Array
        (
            [text] => PIC JRF
            [sref] => #
            [icon] => icon-docs
            [submenu] => Array
                (
                    [0] => Array
                        (
                            [text] => JRF Penjualan Unit
                            [sref] => memo.jrfUnit
                            [icon] => fa-shopping-cart
                        )

                    [1] => Array
                        (
                            [text] => JRF Bengkel
                            [sref] => memo.jrfBengkel
                            [icon] => icon-wrench
                        )

                )

        )

)

2015-05-31T17:06:13+07:00 DEBUG (7): Array
(
    [0] => Array
        (
            [text] => Home
            [sref] => memo.dashboard
            [icon] => icon-speedometer
        )

    [1] => Array
        (
            [text] => PIC JRF
            [sref] => #
            [icon] => icon-docs
            [submenu] => Array
                (
                    [0] => Array
                        (
                            [text] => JRF Penjualan Unit
                            [sref] => memo.jrfUnit
                            [icon] => fa-shopping-cart
                        )

                    [1] => Array
                        (
                            [text] => JRF Bengkel
                            [sref] => memo.jrfBengkel
                            [icon] => icon-wrench
                        )

                )

        )

)

2015-05-31T17:06:45+07:00 DEBUG (7): Array
(
    [0] => Array
        (
            [text] => Home
            [sref] => memo.dashboard
            [icon] => icon-speedometer
        )

    [1] => Array
        (
            [text] => PIC JRF
            [sref] => #
            [icon] => icon-docs
            [submenu] => Array
                (
                    [0] => Array
                        (
                            [text] => JRF Penjualan Unit
                            [sref] => memo.jrfUnit
                            [icon] => fa-shopping-cart
                        )

                    [1] => Array
                        (
                            [text] => JRF Bengkel
                            [sref] => memo.jrfBengkel
                            [icon] => icon-wrench
                        )

                )

        )

)

2015-05-31T17:07:41+07:00 DEBUG (7): Array
(
    [0] => Array
        (
            [text] => Home
            [sref] => memo.dashboard
            [icon] => icon-speedometer
        )

    [1] => Array
        (
            [text] => PIC JRF
            [sref] => #
            [icon] => icon-docs
            [submenu] => Array
                (
                    [0] => Array
                        (
                            [text] => JRF Penjualan Unit
                            [sref] => memo.jrfUnit
                            [icon] => fa-shopping-cart
                        )

                    [1] => Array
                        (
                            [text] => JRF Bengkel
                            [sref] => memo.jrfBengkel
                            [icon] => icon-wrench
                        )

                )

        )

)

2015-05-31T17:08:01+07:00 DEBUG (7): Array
(
    [0] => Array
        (
            [text] => Home
            [sref] => memo.dashboard
            [icon] => icon-speedometer
        )

    [1] => Array
        (
            [text] => PIC JRF
            [sref] => #
            [icon] => icon-docs
            [submenu] => Array
                (
                    [0] => Array
                        (
                            [text] => JRF Penjualan Unit
                            [sref] => memo.jrfUnit
                            [icon] => fa-shopping-cart
                        )

                    [1] => Array
                        (
                            [text] => JRF Bengkel
                            [sref] => memo.jrfBengkel
                            [icon] => icon-wrench
                        )

                )

        )

    [2] => Array
        (
            [text] => Cetak Barcode
            [sref] => memo.barcode
            [icon] => icon-printer
        )

)

2015-05-31T17:08:12+07:00 DEBUG (7): Array
(
    [0] => Array
        (
            [text] => Home
            [sref] => memo.dashboard
            [icon] => icon-speedometer
        )

    [1] => Array
        (
            [text] => PIC JRF
            [sref] => #
            [icon] => icon-docs
            [submenu] => Array
                (
                    [0] => Array
                        (
                            [text] => JRF Penjualan Unit
                            [sref] => memo.jrfUnit
                            [icon] => fa-shopping-cart
                        )

                    [1] => Array
                        (
                            [text] => JRF Bengkel
                            [sref] => memo.jrfBengkel
                            [icon] => icon-wrench
                        )

                )

        )

    [2] => Array
        (
            [text] => Logout
            [sref] => login.out
            [icon] => icon-logout
        )

)

2015-05-31T17:08:44+07:00 DEBUG (7): Array
(
    [0] => Array
        (
            [text] => Home
            [sref] => memo.dashboard
            [icon] => icon-speedometer
        )

    [1] => Array
        (
            [text] => PIC JRF
            [sref] => #
            [icon] => icon-docs
        )

    [2] => Array
        (
            [text] => Logout
            [sref] => login.out
            [icon] => icon-logout
        )

)

2015-05-31T17:09:14+07:00 DEBUG (7): Array
(
    [0] => Array
        (
            [text] => Home
            [sref] => memo.dashboard
            [icon] => icon-speedometer
        )

    [1] => Array
        (
            [text] => PIC JRF
            [sref] => #
            [icon] => icon-docs
        )

    [2] => Array
        (
            [text] => Logout
            [sref] => login.out
            [icon] => icon-logout
        )

)

2015-05-31T17:09:51+07:00 DEBUG (7): Array
(
    [0] => Array
        (
            [text] => Home
            [sref] => memo.dashboard
            [icon] => icon-speedometer
        )

    [1] => Array
        (
            [text] => PIC JRF
            [sref] => #
            [icon] => icon-docs
        )

    [2] => Array
        (
            [text] => Master
            [sref] => #
            [icon] => icon-wallet
            [submenu] => Array
                (
                    [0] => Array
                        (
                            [text] => Subsidi Accessories
                            [sref] => #
                            [icon] => icon-wrench
                        )

                )

        )

    [3] => Array
        (
            [text] => Logout
            [sref] => login.out
            [icon] => icon-logout
        )

)

2015-05-31T17:11:14+07:00 DEBUG (7): Array
(
    [0] => Array
        (
            [text] => Home
            [sref] => memo.dashboard
            [icon] => icon-speedometer
        )

    [1] => Array
        (
            [text] => PIC JRF
            [sref] => #
            [icon] => icon-docs
        )

    [2] => Array
        (
            [text] => Master
            [sref] => #
            [icon] => icon-wallet
            [submenu] => Array
                (
                    [0] => Array
                        (
                            [text] => Subsidi Accessories
                            [sref] => #
                            [icon] => icon-wrench
                        )

                )

        )

    [3] => Array
        (
            [text] => Logout
            [sref] => login.out
            [icon] => icon-logout
        )

)

2015-05-31T17:12:17+07:00 DEBUG (7): Array
(
    [0] => Array
        (
            [text] => Home
            [sref] => memo.dashboard
            [icon] => icon-speedometer
        )

    [1] => Array
        (
            [text] => PIC JRF
            [sref] => #
            [icon] => icon-docs
        )

    [2] => Array
        (
            [text] => Master
            [sref] => #
            [icon] => icon-wallet
            [submenu] => Array
                (
                    [0] => Array
                        (
                            [text] => Subsidi Accessories
                            [sref] => #
                            [icon] => icon-wrench
                        )

                )

        )

    [3] => Array
        (
            [text] => Logout
            [sref] => login.out
            [icon] => icon-logout
        )

)

2015-05-31T17:12:18+07:00 DEBUG (7): Array
(
    [0] => Array
        (
            [text] => Home
            [sref] => memo.dashboard
            [icon] => icon-speedometer
        )

    [1] => Array
        (
            [text] => PIC JRF
            [sref] => #
            [icon] => icon-docs
        )

    [2] => Array
        (
            [text] => Master
            [sref] => #
            [icon] => icon-wallet
            [submenu] => Array
                (
                    [0] => Array
                        (
                            [text] => Subsidi Accessories
                            [sref] => #
                            [icon] => icon-wrench
                        )

                )

        )

    [3] => Array
        (
            [text] => Logout
            [sref] => login.out
            [icon] => icon-logout
        )

)

2015-05-31T17:12:18+07:00 DEBUG (7): Array
(
    [0] => Array
        (
            [text] => Home
            [sref] => memo.dashboard
            [icon] => icon-speedometer
        )

    [1] => Array
        (
            [text] => PIC JRF
            [sref] => #
            [icon] => icon-docs
        )

    [2] => Array
        (
            [text] => Master
            [sref] => #
            [icon] => icon-wallet
            [submenu] => Array
                (
                    [0] => Array
                        (
                            [text] => Subsidi Accessories
                            [sref] => #
                            [icon] => icon-wrench
                        )

                )

        )

    [3] => Array
        (
            [text] => Logout
            [sref] => login.out
            [icon] => icon-logout
        )

)

2015-05-31T17:14:36+07:00 DEBUG (7): Array
(
    [0] => Array
        (
            [text] => Home
            [sref] => memo.dashboard
            [icon] => icon-speedometer
        )

    [1] => Array
        (
            [text] => PIC JRF
            [sref] => #
            [icon] => icon-docs
        )

    [2] => Array
        (
            [text] => Master
            [sref] => #
            [icon] => icon-wallet
            [submenu] => Array
                (
                    [0] => Array
                        (
                            [text] => Subsidi Accessories
                            [sref] => #
                            [icon] => icon-wrench
                        )

                )

        )

    [3] => Array
        (
            [text] => Logout
            [sref] => login.out
            [icon] => icon-logout
        )

)

2015-05-31T17:14:49+07:00 DEBUG (7): Array
(
    [0] => Array
        (
            [text] => Home
            [sref] => memo.dashboard
            [icon] => icon-speedometer
        )

    [1] => Array
        (
            [text] => PIC JRF
            [sref] => #
            [icon] => icon-docs
        )

    [2] => Array
        (
            [text] => Master
            [sref] => #
            [icon] => icon-wallet
            [submenu] => Array
                (
                    [0] => Array
                        (
                            [text] => Subsidi Accessories
                            [sref] => #
                            [icon] => icon-wrench
                        )

                )

        )

    [3] => Array
        (
            [text] => Logout
            [sref] => login.out
            [icon] => icon-logout
        )

)

2015-05-31T17:15:35+07:00 DEBUG (7): Array
(
    [0] => Array
        (
            [text] => Home
            [sref] => memo.dashboard
            [icon] => icon-speedometer
        )

    [1] => Array
        (
            [text] => PIC JRF
            [sref] => #
            [icon] => icon-docs
        )

    [2] => Array
        (
            [text] => Master
            [sref] => #
            [icon] => icon-wallet
            [submenu] => Array
                (
                    [0] => Array
                        (
                            [text] => Subsidi Accessories
                            [sref] => #
                            [icon] => icon-wrench
                        )

                )

        )

    [3] => Array
        (
            [text] => Logout
            [sref] => login.out
            [icon] => icon-logout
        )

)

2015-05-31T17:16:55+07:00 DEBUG (7): Array
(
    [0] => Array
        (
            [text] => Home
            [sref] => memo.dashboard
            [icon] => icon-speedometer
        )

    [1] => Array
        (
            [text] => PIC JRF
            [sref] => #
            [icon] => icon-docs
        )

    [2] => Array
        (
            [text] => Master
            [sref] => #
            [icon] => icon-wallet
            [submenu] => Array
                (
                    [0] => Array
                        (
                            [text] => Subsidi Accessories
                            [sref] => #
                            [icon] => icon-wrench
                        )

                )

        )

    [3] => Array
        (
            [text] => Logout
            [sref] => login.out
            [icon] => icon-logout
        )

)

2015-05-31T17:17:00+07:00 DEBUG (7): Array
(
    [0] => Array
        (
            [text] => Home
            [sref] => memo.dashboard
            [icon] => icon-speedometer
        )

    [1] => Array
        (
            [text] => PIC JRF
            [sref] => #
            [icon] => icon-docs
        )

    [2] => Array
        (
            [text] => Master
            [sref] => #
            [icon] => icon-wallet
            [submenu] => Array
                (
                    [0] => Array
                        (
                            [text] => Subsidi Accessories
                            [sref] => #
                            [icon] => icon-wrench
                        )

                )

        )

    [3] => Array
        (
            [text] => Logout
            [sref] => login.out
            [icon] => icon-logout
        )

)

2015-05-31T17:17:00+07:00 DEBUG (7): Array
(
    [0] => Array
        (
            [text] => Home
            [sref] => memo.dashboard
            [icon] => icon-speedometer
        )

    [1] => Array
        (
            [text] => PIC JRF
            [sref] => #
            [icon] => icon-docs
        )

    [2] => Array
        (
            [text] => Master
            [sref] => #
            [icon] => icon-wallet
            [submenu] => Array
                (
                    [0] => Array
                        (
                            [text] => Subsidi Accessories
                            [sref] => #
                            [icon] => icon-wrench
                        )

                )

        )

    [3] => Array
        (
            [text] => Logout
            [sref] => login.out
            [icon] => icon-logout
        )

)

2015-05-31T17:17:01+07:00 DEBUG (7): Array
(
    [0] => Array
        (
            [text] => Home
            [sref] => memo.dashboard
            [icon] => icon-speedometer
        )

    [1] => Array
        (
            [text] => PIC JRF
            [sref] => #
            [icon] => icon-docs
        )

    [2] => Array
        (
            [text] => Master
            [sref] => #
            [icon] => icon-wallet
            [submenu] => Array
                (
                    [0] => Array
                        (
                            [text] => Subsidi Accessories
                            [sref] => #
                            [icon] => icon-wrench
                        )

                )

        )

    [3] => Array
        (
            [text] => Logout
            [sref] => login.out
            [icon] => icon-logout
        )

)

2015-05-31T17:24:46+07:00 DEBUG (7): Array
(
    [0] => Array
        (
            [text] => Home
            [sref] => memo.dashboard
            [icon] => icon-speedometer
        )

    [1] => Array
        (
            [text] => PIC JRF
            [sref] => #
            [icon] => icon-docs
        )

    [2] => Array
        (
            [text] => Master
            [sref] => #
            [icon] => icon-wallet
            [submenu] => Array
                (
                    [0] => Array
                        (
                            [text] => Subsidi Accessories
                            [sref] => #
                            [icon] => icon-wrench
                        )

                )

        )

    [3] => Array
        (
            [text] => Logout
            [sref] => login.out
            [icon] => icon-logout
        )

)

2015-05-31T17:24:54+07:00 DEBUG (7): Array
(
)

2015-05-31T17:24:55+07:00 DEBUG (7): Array
(
)

2015-05-31T17:24:55+07:00 DEBUG (7): Array
(
)

2015-05-31T17:24:55+07:00 DEBUG (7): Array
(
)

2015-05-31T17:24:55+07:00 DEBUG (7): Array
(
)

2015-05-31T17:24:56+07:00 DEBUG (7): Array
(
)

2015-05-31T17:24:56+07:00 DEBUG (7): Array
(
)

2015-05-31T17:24:56+07:00 DEBUG (7): Array
(
)

2015-05-31T17:24:56+07:00 DEBUG (7): Array
(
)

2015-05-31T17:24:57+07:00 DEBUG (7): Array
(
)

2015-05-31T17:24:57+07:00 DEBUG (7): Array
(
)

2015-05-31T17:24:57+07:00 DEBUG (7): Array
(
)

2015-05-31T17:24:57+07:00 DEBUG (7): Array
(
)

2015-05-31T17:29:00+07:00 DEBUG (7): Array
(
    [0] => Array
        (
            [text] => Home
            [sref] => memo.dashboard
            [icon] => icon-speedometer
        )

    [1] => Array
        (
            [text] => PIC JRF
            [sref] => #
            [icon] => icon-docs
        )

    [2] => Array
        (
            [text] => Master
            [sref] => #
            [icon] => icon-wallet
            [submenu] => Array
                (
                    [0] => Array
                        (
                            [text] => Subsidi Accessories
                            [sref] => #
                            [icon] => icon-wrench
                        )

                )

        )

    [3] => Array
        (
            [text] => Logout
            [sref] => login.out
            [icon] => icon-logout
        )

)

2015-05-31T17:29:24+07:00 DEBUG (7): Array
(
    [0] => Array
        (
            [text] => Home
            [sref] => memo.dashboard
            [icon] => icon-speedometer
        )

    [1] => Array
        (
            [text] => PIC JRF
            [sref] => #
            [icon] => icon-docs
        )

    [2] => Array
        (
            [text] => Master
            [sref] => #
            [icon] => icon-wallet
            [submenu] => Array
                (
                    [0] => Array
                        (
                            [text] => Subsidi Accessories
                            [sref] => #
                            [icon] => icon-wrench
                        )

                )

        )

    [3] => Array
        (
            [text] => Logout
            [sref] => login.out
            [icon] => icon-logout
        )

)

2015-05-31T17:31:44+07:00 DEBUG (7): Array
(
    [0] => Array
        (
            [text] => Logout
            [sref] => login.out
            [icon] => icon-logout
        )

)

2015-05-31T17:33:08+07:00 DEBUG (7): Array
(
    [0] => Array
        (
            [text] => Logout
            [sref] => login.out
            [icon] => icon-logout
        )

)

2015-05-31T17:33:30+07:00 DEBUG (7): Array
(
    [0] => Array
        (
            [text] => Home
            [sref] => memo.dashboard
            [icon] => icon-speedometer
        )

    [1] => Array
        (
            [text] => PIC JRF
            [sref] => #
            [icon] => icon-docs
        )

    [2] => Array
        (
            [text] => Master
            [sref] => #
            [icon] => icon-wallet
            [submenu] => Array
                (
                    [0] => Array
                        (
                            [text] => Subsidi Accessories
                            [sref] => #
                            [icon] => icon-wrench
                        )

                )

        )

    [3] => Array
        (
            [text] => Logout
            [sref] => login.out
            [icon] => icon-logout
        )

)

